<?xml version="1.0" encoding="UTF-8"?>
<!-- Generated by org.testng.reporters.JUnitReportReporter -->
<testsuite hostname="WINDOWS-4NUD2FB" failures="0" tests="1" name="Parallel.FaileRunner" time="18.651" errors="0" timestamp="29 Sep 2022 17:51:15 GMT" skipped="0">
  <testcase classname="Parallel.FaileRunner" name="runScenario" time="18.651"/>
</testsuite> <!-- Parallel.FaileRunner -->
